<?xml version="1.0" encoding="UTF-8"?>
<testng-results ignored="0" total="1" passed="1" failed="0" skipped="0">
  <reporter-output>
  </reporter-output>
  <suite started-at="2025-09-23T20:42:59 IST" name="Default suite" finished-at="2025-09-23T20:43:22 IST" duration-ms="23143">
    <groups>
    </groups>
    <test started-at="2025-09-23T20:42:59 IST" name="Default test" finished-at="2025-09-23T20:43:22 IST" duration-ms="23143">
      <class name="tests.OrangeHRMWorkflowTest">
        <test-method is-config="true" signature="setUp()[pri:0, instance:tests.OrangeHRMWorkflowTest@6c64cb25]" started-at="2025-09-23T20:42:59 IST" name="setUp" finished-at="2025-09-23T20:43:09 IST" duration-ms="9139" status="PASS">
          <reporter-output>
          </reporter-output>
        </test-method> <!-- setUp -->
        <test-method signature="addAndVerifyEmployees()[pri:0, instance:tests.OrangeHRMWorkflowTest@6c64cb25]" started-at="2025-09-23T20:43:09 IST" name="addAndVerifyEmployees" finished-at="2025-09-23T20:43:22 IST" duration-ms="13895" status="PASS">
          <reporter-output>
          </reporter-output>
        </test-method> <!-- addAndVerifyEmployees -->
        <test-method is-config="true" signature="tearDown()[pri:0, instance:tests.OrangeHRMWorkflowTest@6c64cb25]" started-at="2025-09-23T20:43:22 IST" name="tearDown" finished-at="2025-09-23T20:43:22 IST" duration-ms="91" status="PASS">
          <reporter-output>
          </reporter-output>
        </test-method> <!-- tearDown -->
      </class> <!-- tests.OrangeHRMWorkflowTest -->
    </test> <!-- Default test -->
  </suite> <!-- Default suite -->
</testng-results>
